2024-06-02T11:35:25  docs: clarify usage notes
2024-07-01T18:52:32  test: add edge case
2024-07-30T13:09:39  refactor: tidy internals
2024-08-29T08:26:46  fix: handle empty input gracefully
2024-09-27T15:43:53  perf: micro-optimization
2024-10-03T10:00:00  style: formatting
2024-11-01T17:17:07  chore: bump dev tooling
2024-12-01T12:34:14  docs: expand examples
2024-12-30T19:51:21  test: strengthen coverage
2025-01-29T14:08:28  chore: tune defaults
2025-02-03T09:25:35  refactor: simplify helper
2025-03-05T16:42:42  chore: routine maintenance
2025-04-03T11:59:49  docs: clarify usage notes
2025-05-03T18:16:56  test: add edge case
2025-06-01T13:33:03  refactor: tidy internals
2025-06-07T08:50:10  fix: handle empty input gracefully
2025-07-06T15:07:17  perf: micro-optimization
2025-08-04T10:24:24  style: formatting
2025-09-03T17:41:31  chore: bump dev tooling
2025-09-08T12:58:38  docs: expand examples
2025-10-08T19:15:45  test: strengthen coverage
2025-11-06T14:32:52  chore: tune defaults
2025-12-06T09:49:59  refactor: simplify helper
2026-01-04T16:06:06  chore: routine maintenance
2026-01-10T11:23:13  docs: clarify usage notes
2026-02-08T18:40:20  test: add edge case
2026-03-10T13:57:27  refactor: tidy internals
2026-04-08T08:14:34  fix: handle empty input gracefully
2026-05-08T15:31:41  perf: micro-optimization
2026-05-13T10:48:48  style: formatting
2024-08-31T11:35:25  chore: BLACKBOOK redaction pass
2024-09-29T18:52:32  refactor: I have altered the code. pray I don't alter it further
2025-01-24T13:09:39  feat: do or do not, there is no try/except
